Watching for file changes with StatReloader
[25/Feb/2023 21:22:57] "GET /view/showall HTTP/1.1" 200 4783
[25/Feb/2023 21:22:57] "GET /static/favicon.ico HTTP/1.1" 304 0
Not Found: /cart.json
[25/Feb/2023 21:22:57] "GET /cart.json HTTP/1.1" 404 2327
[25/Feb/2023 21:23:12] "GET /view/showall HTTP/1.1" 200 4783
Not Found: /cart.json
[25/Feb/2023 21:23:13] "GET /cart.json HTTP/1.1" 404 2327
[25/Feb/2023 21:23:14] "GET /view/showall HTTP/1.1" 200 4783
Not Found: /cart.json
[25/Feb/2023 21:23:15] "GET /cart.json HTTP/1.1" 404 2327
[25/Feb/2023 21:23:59] "GET /view/temp HTTP/1.1" 200 3566
[25/Feb/2023 21:23:59] "GET /view/pressure HTTP/1.1" 200 3741
[25/Feb/2023 21:23:59] "GET /view/bright HTTP/1.1" 200 3577
[25/Feb/2023 21:23:59] "GET /view/hum HTTP/1.1" 200 3557
[25/Feb/2023 21:24:19] "GET /view/hum HTTP/1.1" 200 3557
[25/Feb/2023 21:24:19] "GET /view/temp HTTP/1.1" 200 3566
[25/Feb/2023 21:24:19] "GET /view/pressure HTTP/1.1" 200 3741
[25/Feb/2023 21:24:19] "GET /view/bright HTTP/1.1" 200 3577
[25/Feb/2023 21:24:27] "POST /api/measurement-items/ HTTP/1.1" 200 177
[25/Feb/2023 21:26:01] "GET /view/showall HTTP/1.1" 200 4783
Not Found: /cart.json
[25/Feb/2023 21:26:02] "GET /cart.json HTTP/1.1" 404 2327
[25/Feb/2023 21:26:10] "GET /view/pressure HTTP/1.1" 200 3783
[25/Feb/2023 21:26:10] "GET /view/temp HTTP/1.1" 200 3606
[25/Feb/2023 21:26:10] "GET /view/bright HTTP/1.1" 200 3618
[25/Feb/2023 21:26:11] "GET /view/hum HTTP/1.1" 200 3597
[25/Feb/2023 21:26:29] "GET /view/showall HTTP/1.1" 200 4783
Not Found: /cart.json
[25/Feb/2023 21:26:30] "GET /cart.json HTTP/1.1" 404 2327
[25/Feb/2023 21:26:38] "GET /view/hum HTTP/1.1" 200 3597
[25/Feb/2023 21:26:38] "GET /view/temp HTTP/1.1" 200 3606
[25/Feb/2023 21:26:38] "GET /view/pressure HTTP/1.1" 200 3783
[25/Feb/2023 21:26:38] "GET /view/bright HTTP/1.1" 200 3618
[25/Feb/2023 21:32:23] "GET /view/showall HTTP/1.1" 200 4783
Not Found: /cart.json
[25/Feb/2023 21:32:23] "GET /cart.json HTTP/1.1" 404 2327
[25/Feb/2023 21:32:32] "GET /view/hum HTTP/1.1" 200 3597
[25/Feb/2023 21:32:32] "GET /view/bright HTTP/1.1" 200 3618
[25/Feb/2023 21:32:32] "GET /view/temp HTTP/1.1" 200 3606
[25/Feb/2023 21:32:32] "GET /view/pressure HTTP/1.1" 200 3783
[25/Feb/2023 21:34:26] "POST /api/measurement-items/ HTTP/1.1" 200 177
[25/Feb/2023 21:36:07] "GET /view/bright HTTP/1.1" 200 3659
[25/Feb/2023 21:36:07] "GET /view/temp HTTP/1.1" 200 3646
[25/Feb/2023 21:36:08] "GET /view/hum HTTP/1.1" 200 3637
[25/Feb/2023 21:36:08] "GET /view/pressure HTTP/1.1" 200 3825
[25/Feb/2023 21:44:25] "POST /api/measurement-items/ HTTP/1.1" 200 177
[25/Feb/2023 21:54:27] "POST /api/measurement-items/ HTTP/1.1" 200 177
[25/Feb/2023 21:58:01] "GET /view/showall HTTP/1.1" 200 4783
[25/Feb/2023 21:58:01] "GET /static/favicon.ico HTTP/1.1" 304 0
Not Found: /cart.json
[25/Feb/2023 21:58:02] "GET /cart.json HTTP/1.1" 404 2327
[25/Feb/2023 21:59:09] "GET /view/hum HTTP/1.1" 200 3717
[25/Feb/2023 21:59:09] "GET /view/temp HTTP/1.1" 200 3726
[25/Feb/2023 21:59:09] "GET /view/bright HTTP/1.1" 200 3741
[25/Feb/2023 21:59:09] "GET /view/pressure HTTP/1.1" 200 3909
[25/Feb/2023 22:04:26] "POST /api/measurement-items/ HTTP/1.1" 200 177
[25/Feb/2023 22:08:50] "GET /view/hum HTTP/1.1" 200 3757
[25/Feb/2023 22:08:51] "GET /view/pressure HTTP/1.1" 200 3951
[25/Feb/2023 22:08:51] "GET /view/temp HTTP/1.1" 200 3766
[25/Feb/2023 22:08:51] "GET /view/bright HTTP/1.1" 200 3782
[25/Feb/2023 22:14:26] "POST /api/measurement-items/ HTTP/1.1" 200 177
[25/Feb/2023 22:16:32] "GET /view/hum HTTP/1.1" 200 3797
[25/Feb/2023 22:16:32] "GET /view/bright HTTP/1.1" 200 3823
[25/Feb/2023 22:16:32] "GET /view/temp HTTP/1.1" 200 3806
[25/Feb/2023 22:16:32] "GET /view/pressure HTTP/1.1" 200 3993
[25/Feb/2023 22:24:26] "POST /api/measurement-items/ HTTP/1.1" 200 177
[25/Feb/2023 22:34:26] "POST /api/measurement-items/ HTTP/1.1" 200 177
[25/Feb/2023 22:34:42] "GET /view/showall HTTP/1.1" 200 4783
[25/Feb/2023 22:34:43] "GET /static/favicon.ico HTTP/1.1" 304 0
Not Found: /cart.json
[25/Feb/2023 22:34:43] "GET /cart.json HTTP/1.1" 404 2327
[25/Feb/2023 22:34:52] "GET /view/pressure HTTP/1.1" 200 4078
[25/Feb/2023 22:34:52] "GET /view/bright HTTP/1.1" 200 3906
[25/Feb/2023 22:34:52] "GET /view/hum HTTP/1.1" 200 3878
[25/Feb/2023 22:34:52] "GET /view/temp HTTP/1.1" 200 3887
[25/Feb/2023 22:36:08] "GET /view/showall HTTP/1.1" 200 4783
Not Found: /cart.json
[25/Feb/2023 22:36:09] "GET /cart.json HTTP/1.1" 404 2327
[25/Feb/2023 22:36:15] "GET /view/temp HTTP/1.1" 200 3887
[25/Feb/2023 22:36:15] "GET /view/bright HTTP/1.1" 200 3906
[25/Feb/2023 22:36:15] "GET /view/pressure HTTP/1.1" 200 4078
[25/Feb/2023 22:36:15] "GET /view/hum HTTP/1.1" 200 3878
Not Found: /cart.json
[25/Feb/2023 22:36:30] "GET /cart.json HTTP/1.1" 404 2327
[25/Feb/2023 22:36:32] "GET /view/showall HTTP/1.1" 200 4783
Not Found: /cart.json
[25/Feb/2023 22:36:32] "GET /cart.json HTTP/1.1" 404 2327
[25/Feb/2023 22:36:39] "GET /view/temp HTTP/1.1" 200 3887
[25/Feb/2023 22:36:39] "GET /view/hum HTTP/1.1" 200 3878
[25/Feb/2023 22:36:39] "GET /view/pressure HTTP/1.1" 200 4078
[25/Feb/2023 22:36:39] "GET /view/bright HTTP/1.1" 200 3906
[25/Feb/2023 22:44:26] "POST /api/measurement-items/ HTTP/1.1" 200 176
[25/Feb/2023 22:54:26] "POST /api/measurement-items/ HTTP/1.1" 200 176
[25/Feb/2023 23:04:26] "POST /api/measurement-items/ HTTP/1.1" 200 176
[25/Feb/2023 23:14:26] "POST /api/measurement-items/ HTTP/1.1" 200 176
[25/Feb/2023 23:24:26] "POST /api/measurement-items/ HTTP/1.1" 200 176
[25/Feb/2023 23:34:26] "POST /api/measurement-items/ HTTP/1.1" 200 176
[25/Feb/2023 23:44:26] "POST /api/measurement-items/ HTTP/1.1" 200 177
[25/Feb/2023 23:54:26] "POST /api/measurement-items/ HTTP/1.1" 200 177
[26/Feb/2023 00:04:25] "POST /api/measurement-items/ HTTP/1.1" 200 177
[26/Feb/2023 00:14:26] "POST /api/measurement-items/ HTTP/1.1" 200 177
[26/Feb/2023 00:24:26] "POST /api/measurement-items/ HTTP/1.1" 200 177
[26/Feb/2023 00:34:26] "POST /api/measurement-items/ HTTP/1.1" 200 177
[26/Feb/2023 00:44:26] "POST /api/measurement-items/ HTTP/1.1" 200 177
[26/Feb/2023 00:54:26] "POST /api/measurement-items/ HTTP/1.1" 200 177
[26/Feb/2023 01:04:26] "POST /api/measurement-items/ HTTP/1.1" 200 177
[26/Feb/2023 01:14:26] "POST /api/measurement-items/ HTTP/1.1" 200 177
[26/Feb/2023 01:24:26] "POST /api/measurement-items/ HTTP/1.1" 200 177
[26/Feb/2023 01:34:26] "POST /api/measurement-items/ HTTP/1.1" 200 177
[26/Feb/2023 01:44:27] "POST /api/measurement-items/ HTTP/1.1" 200 177
[26/Feb/2023 01:54:26] "POST /api/measurement-items/ HTTP/1.1" 200 177
[26/Feb/2023 02:04:26] "POST /api/measurement-items/ HTTP/1.1" 200 177
[26/Feb/2023 02:14:26] "POST /api/measurement-items/ HTTP/1.1" 200 177
[26/Feb/2023 02:24:26] "POST /api/measurement-items/ HTTP/1.1" 200 177
[26/Feb/2023 02:34:26] "POST /api/measurement-items/ HTTP/1.1" 200 177
[26/Feb/2023 02:44:26] "POST /api/measurement-items/ HTTP/1.1" 200 177
[26/Feb/2023 02:54:26] "POST /api/measurement-items/ HTTP/1.1" 200 177
[26/Feb/2023 03:04:26] "POST /api/measurement-items/ HTTP/1.1" 200 177
[26/Feb/2023 03:14:26] "POST /api/measurement-items/ HTTP/1.1" 200 177
[26/Feb/2023 03:24:26] "POST /api/measurement-items/ HTTP/1.1" 200 177
[26/Feb/2023 03:34:26] "POST /api/measurement-items/ HTTP/1.1" 200 177
[26/Feb/2023 03:44:26] "POST /api/measurement-items/ HTTP/1.1" 200 177
[26/Feb/2023 03:54:26] "POST /api/measurement-items/ HTTP/1.1" 200 177
[26/Feb/2023 04:04:26] "POST /api/measurement-items/ HTTP/1.1" 200 177
[26/Feb/2023 04:14:26] "POST /api/measurement-items/ HTTP/1.1" 200 177
[26/Feb/2023 04:24:27] "POST /api/measurement-items/ HTTP/1.1" 200 177
[26/Feb/2023 04:34:26] "POST /api/measurement-items/ HTTP/1.1" 200 177
[26/Feb/2023 04:44:26] "POST /api/measurement-items/ HTTP/1.1" 200 177
[26/Feb/2023 04:54:26] "POST /api/measurement-items/ HTTP/1.1" 200 177
[26/Feb/2023 05:04:26] "POST /api/measurement-items/ HTTP/1.1" 200 177
[26/Feb/2023 05:14:26] "POST /api/measurement-items/ HTTP/1.1" 200 177
[26/Feb/2023 05:24:26] "POST /api/measurement-items/ HTTP/1.1" 200 177
[26/Feb/2023 05:34:26] "POST /api/measurement-items/ HTTP/1.1" 200 177
[26/Feb/2023 05:44:26] "POST /api/measurement-items/ HTTP/1.1" 200 177
[26/Feb/2023 05:54:26] "POST /api/measurement-items/ HTTP/1.1" 200 177
[26/Feb/2023 06:04:26] "POST /api/measurement-items/ HTTP/1.1" 200 177
[26/Feb/2023 06:14:26] "POST /api/measurement-items/ HTTP/1.1" 200 177
[26/Feb/2023 06:24:26] "POST /api/measurement-items/ HTTP/1.1" 200 177
[26/Feb/2023 06:34:26] "POST /api/measurement-items/ HTTP/1.1" 200 177
[26/Feb/2023 06:44:26] "POST /api/measurement-items/ HTTP/1.1" 200 177
[26/Feb/2023 06:54:26] "POST /api/measurement-items/ HTTP/1.1" 200 177
[26/Feb/2023 07:04:28] "POST /api/measurement-items/ HTTP/1.1" 200 177
[26/Feb/2023 07:14:26] "POST /api/measurement-items/ HTTP/1.1" 200 177
[26/Feb/2023 07:24:26] "POST /api/measurement-items/ HTTP/1.1" 200 177
[26/Feb/2023 07:34:26] "POST /api/measurement-items/ HTTP/1.1" 200 177
[26/Feb/2023 07:44:26] "POST /api/measurement-items/ HTTP/1.1" 200 177
[26/Feb/2023 07:54:26] "POST /api/measurement-items/ HTTP/1.1" 200 177
[26/Feb/2023 08:04:26] "POST /api/measurement-items/ HTTP/1.1" 200 177
[26/Feb/2023 08:14:26] "POST /api/measurement-items/ HTTP/1.1" 200 177
Not Found: /cart.json
[26/Feb/2023 08:17:42] "GET /cart.json HTTP/1.1" 404 2327
[26/Feb/2023 08:18:04] "GET /view/showall HTTP/1.1" 200 4783
[26/Feb/2023 08:18:04] "GET /static/favicon.ico HTTP/1.1" 304 0
Not Found: /cart.json
[26/Feb/2023 08:18:04] "GET /cart.json HTTP/1.1" 404 2327
[26/Feb/2023 08:18:15] "GET /view/bright HTTP/1.1" 200 6176
[26/Feb/2023 08:18:16] "GET /view/hum HTTP/1.1" 200 6206
[26/Feb/2023 08:18:16] "GET /view/temp HTTP/1.1" 200 6215
[26/Feb/2023 08:18:16] "GET /view/pressure HTTP/1.1" 200 6516
[26/Feb/2023 08:21:19] "GET /view/pressure HTTP/1.1" 200 6516
[26/Feb/2023 08:21:20] "GET /view/hum HTTP/1.1" 200 6206
[26/Feb/2023 08:21:20] "GET /view/temp HTTP/1.1" 200 6215
[26/Feb/2023 08:21:20] "GET /view/bright HTTP/1.1" 200 6176
[26/Feb/2023 08:24:25] "POST /api/measurement-items/ HTTP/1.1" 200 177
[26/Feb/2023 08:32:13] "GET /view/bright HTTP/1.1" 200 6215
[26/Feb/2023 08:32:13] "GET /view/pressure HTTP/1.1" 200 6558
[26/Feb/2023 08:32:13] "GET /view/hum HTTP/1.1" 200 6246
[26/Feb/2023 08:32:13] "GET /view/temp HTTP/1.1" 200 6255
[26/Feb/2023 08:34:26] "POST /api/measurement-items/ HTTP/1.1" 200 177
[26/Feb/2023 08:44:26] "POST /api/measurement-items/ HTTP/1.1" 200 177
Not Found: /cart.json
[26/Feb/2023 08:50:22] "GET /cart.json HTTP/1.1" 404 2327
[26/Feb/2023 08:50:40] "GET /view/showall HTTP/1.1" 200 4783
Not Found: /cart.json
[26/Feb/2023 08:50:40] "GET /cart.json HTTP/1.1" 404 2327
[26/Feb/2023 08:51:43] "GET /view/temp HTTP/1.1" 200 6335
[26/Feb/2023 08:51:43] "GET /view/bright HTTP/1.1" 200 6295
[26/Feb/2023 08:51:43] "GET /view/pressure HTTP/1.1" 200 6642
[26/Feb/2023 08:51:43] "GET /view/hum HTTP/1.1" 200 6326
[26/Feb/2023 08:54:26] "POST /api/measurement-items/ HTTP/1.1" 200 177
[26/Feb/2023 08:59:06] "GET /view/bright HTTP/1.1" 200 6335
[26/Feb/2023 08:59:06] "GET /view/temp HTTP/1.1" 200 6376
[26/Feb/2023 08:59:07] "GET /view/hum HTTP/1.1" 200 6367
[26/Feb/2023 08:59:07] "GET /view/pressure HTTP/1.1" 200 6685
[26/Feb/2023 09:04:26] "POST /api/measurement-items/ HTTP/1.1" 200 177
[26/Feb/2023 09:14:26] "POST /api/measurement-items/ HTTP/1.1" 200 177
[26/Feb/2023 09:24:26] "POST /api/measurement-items/ HTTP/1.1" 200 177
[26/Feb/2023 09:34:26] "POST /api/measurement-items/ HTTP/1.1" 200 177
[26/Feb/2023 09:44:26] "POST /api/measurement-items/ HTTP/1.1" 200 177
[26/Feb/2023 09:49:34] "GET /view/bright HTTP/1.1" 200 6533
[26/Feb/2023 09:49:34] "GET /view/pressure HTTP/1.1" 200 6895
[26/Feb/2023 09:49:34] "GET /view/hum HTTP/1.1" 200 6567
[26/Feb/2023 09:49:34] "GET /view/temp HTTP/1.1" 200 6576
[26/Feb/2023 09:54:16] "GET /view/hum HTTP/1.1" 200 6567
[26/Feb/2023 09:54:17] "GET /view/temp HTTP/1.1" 200 6576
[26/Feb/2023 09:54:17] "GET /view/bright HTTP/1.1" 200 6533
[26/Feb/2023 09:54:17] "GET /view/pressure HTTP/1.1" 200 6895
[26/Feb/2023 09:54:26] "POST /api/measurement-items/ HTTP/1.1" 200 178
[26/Feb/2023 10:04:26] "POST /api/measurement-items/ HTTP/1.1" 200 177
[26/Feb/2023 10:14:26] "POST /api/measurement-items/ HTTP/1.1" 200 177
[26/Feb/2023 10:24:26] "POST /api/measurement-items/ HTTP/1.1" 200 177
[26/Feb/2023 10:34:26] "POST /api/measurement-items/ HTTP/1.1" 200 178
[26/Feb/2023 10:44:26] "POST /api/measurement-items/ HTTP/1.1" 200 178
[26/Feb/2023 10:54:26] "POST /api/measurement-items/ HTTP/1.1" 200 178
[26/Feb/2023 11:04:26] "POST /api/measurement-items/ HTTP/1.1" 200 178
[26/Feb/2023 11:14:26] "POST /api/measurement-items/ HTTP/1.1" 200 177
[26/Feb/2023 11:24:26] "POST /api/measurement-items/ HTTP/1.1" 200 178
[26/Feb/2023 11:34:26] "POST /api/measurement-items/ HTTP/1.1" 200 178
[26/Feb/2023 11:44:28] "POST /api/measurement-items/ HTTP/1.1" 200 178
[26/Feb/2023 11:47:23] "GET /view/showall HTTP/1.1" 200 4783
[26/Feb/2023 11:47:23] "GET /static/favicon.ico HTTP/1.1" 304 0
Not Found: /cart.json
[26/Feb/2023 11:47:23] "GET /cart.json HTTP/1.1" 404 2327
[26/Feb/2023 11:47:39] "GET /view/hum HTTP/1.1" 200 7049
[26/Feb/2023 11:47:39] "GET /view/temp HTTP/1.1" 200 7058
[26/Feb/2023 11:47:39] "GET /view/pressure HTTP/1.1" 200 7400
[26/Feb/2023 11:47:39] "GET /view/bright HTTP/1.1" 200 7016
[26/Feb/2023 11:54:26] "POST /api/measurement-items/ HTTP/1.1" 200 178
[26/Feb/2023 11:54:58] "GET /view/temp HTTP/1.1" 200 7098
[26/Feb/2023 11:54:58] "GET /view/bright HTTP/1.1" 200 7057
[26/Feb/2023 11:54:58] "GET /view/hum HTTP/1.1" 200 7089
[26/Feb/2023 11:54:58] "GET /view/pressure HTTP/1.1" 200 7442
[26/Feb/2023 12:04:26] "POST /api/measurement-items/ HTTP/1.1" 200 178
[26/Feb/2023 12:14:17] "GET /view/temp HTTP/1.1" 200 7138
[26/Feb/2023 12:14:17] "GET /view/bright HTTP/1.1" 200 7098
[26/Feb/2023 12:14:17] "GET /view/hum HTTP/1.1" 200 7129
[26/Feb/2023 12:14:17] "GET /view/pressure HTTP/1.1" 200 7484
[26/Feb/2023 12:14:26] "POST /api/measurement-items/ HTTP/1.1" 200 177
[26/Feb/2023 12:24:26] "POST /api/measurement-items/ HTTP/1.1" 200 177
[26/Feb/2023 12:34:26] "POST /api/measurement-items/ HTTP/1.1" 200 178
[26/Feb/2023 12:44:26] "POST /api/measurement-items/ HTTP/1.1" 200 178
[26/Feb/2023 12:53:20] "GET /view/pressure HTTP/1.1" 200 7653
[26/Feb/2023 12:53:21] "GET /view/temp HTTP/1.1" 200 7299
[26/Feb/2023 12:53:21] "GET /view/bright HTTP/1.1" 200 7260
[26/Feb/2023 12:53:21] "GET /view/hum HTTP/1.1" 200 7290
[26/Feb/2023 12:54:26] "POST /api/measurement-items/ HTTP/1.1" 200 178
[26/Feb/2023 13:00:59] "GET /view/hum HTTP/1.1" 200 7330
[26/Feb/2023 13:01:00] "GET /view/bright HTTP/1.1" 200 7301
[26/Feb/2023 13:01:00] "GET /view/pressure HTTP/1.1" 200 7695
[26/Feb/2023 13:01:00] "GET /view/temp HTTP/1.1" 200 7339
[26/Feb/2023 13:04:26] "POST /api/measurement-items/ HTTP/1.1" 200 178
[26/Feb/2023 13:14:26] "POST /api/measurement-items/ HTTP/1.1" 200 178
[26/Feb/2023 13:24:26] "POST /api/measurement-items/ HTTP/1.1" 200 178
[26/Feb/2023 13:34:26] "POST /api/measurement-items/ HTTP/1.1" 200 178
[26/Feb/2023 13:44:26] "POST /api/measurement-items/ HTTP/1.1" 200 178
[26/Feb/2023 13:54:26] "POST /api/measurement-items/ HTTP/1.1" 200 178
[26/Feb/2023 14:04:26] "POST /api/measurement-items/ HTTP/1.1" 200 178
[26/Feb/2023 14:14:26] "POST /api/measurement-items/ HTTP/1.1" 200 178
[26/Feb/2023 14:24:26] "POST /api/measurement-items/ HTTP/1.1" 200 177
[26/Feb/2023 14:29:48] "GET /view/temp HTTP/1.1" 200 7700
[26/Feb/2023 14:29:48] "GET /view/hum HTTP/1.1" 200 7691
[26/Feb/2023 14:29:48] "GET /view/bright HTTP/1.1" 200 7669
[26/Feb/2023 14:29:48] "GET /view/pressure HTTP/1.1" 200 8071
[26/Feb/2023 14:34:26] "POST /api/measurement-items/ HTTP/1.1" 200 177
[26/Feb/2023 14:44:27] "POST /api/measurement-items/ HTTP/1.1" 200 177
[26/Feb/2023 14:53:22] "GET /view/temp HTTP/1.1" 200 7781
[26/Feb/2023 14:53:22] "GET /view/hum HTTP/1.1" 200 7772
[26/Feb/2023 14:53:22] "GET /view/pressure HTTP/1.1" 200 8156
[26/Feb/2023 14:53:22] "GET /view/bright HTTP/1.1" 200 7749
[26/Feb/2023 14:54:26] "POST /api/measurement-items/ HTTP/1.1" 200 178
[26/Feb/2023 14:58:09] "GET /view/hum HTTP/1.1" 200 7812
[26/Feb/2023 14:58:10] "GET /view/temp HTTP/1.1" 200 7821
[26/Feb/2023 14:58:10] "GET /view/bright HTTP/1.1" 200 7790
[26/Feb/2023 14:58:10] "GET /view/pressure HTTP/1.1" 200 8198
[26/Feb/2023 15:04:26] "POST /api/measurement-items/ HTTP/1.1" 200 178
[26/Feb/2023 15:14:26] "POST /api/measurement-items/ HTTP/1.1" 200 178
[26/Feb/2023 15:24:26] "POST /api/measurement-items/ HTTP/1.1" 200 178
[26/Feb/2023 15:34:26] "POST /api/measurement-items/ HTTP/1.1" 200 178
[26/Feb/2023 15:44:26] "POST /api/measurement-items/ HTTP/1.1" 200 178
[26/Feb/2023 15:54:26] "POST /api/measurement-items/ HTTP/1.1" 200 178
[26/Feb/2023 16:04:26] "POST /api/measurement-items/ HTTP/1.1" 200 178
[26/Feb/2023 16:14:26] "POST /api/measurement-items/ HTTP/1.1" 200 178
[26/Feb/2023 16:17:56] "GET /view/pressure HTTP/1.1" 200 8533
[26/Feb/2023 16:17:56] "GET /view/bright HTTP/1.1" 200 8116
[26/Feb/2023 16:17:56] "GET /view/temp HTTP/1.1" 200 8142
[26/Feb/2023 16:17:56] "GET /view/hum HTTP/1.1" 200 8133
[26/Feb/2023 16:24:26] "POST /api/measurement-items/ HTTP/1.1" 200 177
[26/Feb/2023 16:26:29] "GET /view/pressure HTTP/1.1" 200 8575
[26/Feb/2023 16:26:29] "GET /view/hum HTTP/1.1" 200 8173
[26/Feb/2023 16:26:29] "GET /view/temp HTTP/1.1" 200 8182
[26/Feb/2023 16:26:29] "GET /view/bright HTTP/1.1" 200 8155
[26/Feb/2023 16:34:26] "POST /api/measurement-items/ HTTP/1.1" 200 177
[26/Feb/2023 16:37:29] "GET /view/temp HTTP/1.1" 200 8222
[26/Feb/2023 16:37:29] "GET /view/bright HTTP/1.1" 200 8195
[26/Feb/2023 16:37:29] "GET /view/pressure HTTP/1.1" 200 8617
[26/Feb/2023 16:37:29] "GET /view/hum HTTP/1.1" 200 8213
